[ 71%] Built target robot_sim
[ 85%] [32m[1mLinking CXX executable /home/jafar/Desktop/Courses/RoboticsCol/4/startercode/catkin_ws/devel/.private/robot_sim/lib/robot_sim/robot_sim_bringup[0m
/usr/bin/ld: cannot find -lurdf
collect2: error: ld returned 1 exit status
CMakeFiles/robot_sim_bringup.dir/build.make:120: recipe for target '/home/jafar/Desktop/Courses/RoboticsCol/4/startercode/catkin_ws/devel/.private/robot_sim/lib/robot_sim/robot_sim_bringup' failed
make[2]: *** [/home/jafar/Desktop/Courses/RoboticsCol/4/startercode/catkin_ws/devel/.private/robot_sim/lib/robot_sim/robot_sim_bringup] Error 1
make[1]: *** [CMakeFiles/robot_sim_bringup.dir/all] Error 2
CMakeFiles/Makefile2:328: recipe for target 'CMakeFiles/robot_sim_bringup.dir/all' failed
Makefile:138: recipe for target 'all' failed
make: *** [all] Error 2
